2022-02-11 00:11:38.372  INFO 18048 --- [http-nio-8081-exec-1] o.a.c.c.C.[Tomcat].[localhost].[/]       : Initializing Spring DispatcherServlet 'dispatcherServlet'
2022-02-11 00:11:38.400  INFO 18048 --- [http-nio-8081-exec-1] o.s.web.servlet.DispatcherServlet        : Initializing Servlet 'dispatcherServlet'
2022-02-11 00:11:38.553  INFO 18048 --- [http-nio-8081-exec-1] o.s.web.servlet.DispatcherServlet        : Completed initialization in 153 ms
2022-02-11 00:11:39.591  WARN 18048 --- [http-nio-8081-exec-1] org.elasticsearch.client.RestClient      : request [POST http://192.168.1.100:9200/users/_search?typed_keys=true&max_concurrent_shard_requests=5&ignore_unavailable=false&expand_wildcards=open&allow_no_indices=true&ignore_throttled=true&search_type=query_then_fetch&batched_reduce_size=512] returned 1 warnings: [299 Elasticsearch-7.16.3-4e6e4eab2297e949ec994e688dad46290d018022 "[ignore_throttled] parameter is deprecated because frozen indices have been deprecated. Consider cold or frozen tiers in place of frozen indices."]
2022-02-11 00:11:39.624  WARN 18048 --- [http-nio-8081-exec-1] org.elasticsearch.client.RestClient      : request [POST http://192.168.1.100:9200/users/_search?typed_keys=true&max_concurrent_shard_requests=5&ignore_unavailable=false&expand_wildcards=open&allow_no_indices=true&ignore_throttled=true&search_type=query_then_fetch&batched_reduce_size=512] returned 1 warnings: [299 Elasticsearch-7.16.3-4e6e4eab2297e949ec994e688dad46290d018022 "[ignore_throttled] parameter is deprecated because frozen indices have been deprecated. Consider cold or frozen tiers in place of frozen indices."]
2022-02-11 00:11:39.907  INFO 18048 --- [http-nio-8081-exec-1] c.s.c.j.JwtRequestAuthenticationFilter   : Logged in as: Stooniacithly123
2022-02-11 00:11:40.532  WARN 18048 --- [http-nio-8081-exec-1] org.elasticsearch.client.RestClient      : request [POST http://192.168.1.100:9200/users/_search?typed_keys=true&max_concurrent_shard_requests=5&ignore_unavailable=false&expand_wildcards=open&allow_no_indices=true&ignore_throttled=true&search_type=query_then_fetch&batched_reduce_size=512] returned 1 warnings: [299 Elasticsearch-7.16.3-4e6e4eab2297e949ec994e688dad46290d018022 "[ignore_throttled] parameter is deprecated because frozen indices have been deprecated. Consider cold or frozen tiers in place of frozen indices."]
2022-02-11 00:11:40.543  WARN 18048 --- [http-nio-8081-exec-1] org.elasticsearch.client.RestClient      : request [POST http://192.168.1.100:9200/users/_search?typed_keys=true&max_concurrent_shard_requests=5&ignore_unavailable=false&expand_wildcards=open&allow_no_indices=true&ignore_throttled=true&search_type=query_then_fetch&batched_reduce_size=512] returned 1 warnings: [299 Elasticsearch-7.16.3-4e6e4eab2297e949ec994e688dad46290d018022 "[ignore_throttled] parameter is deprecated because frozen indices have been deprecated. Consider cold or frozen tiers in place of frozen indices."]
2022-02-11 00:11:40.906  WARN 18048 --- [http-nio-8081-exec-1] org.elasticsearch.client.RestClient      : request [POST http://192.168.1.100:9200/users/_search?typed_keys=true&max_concurrent_shard_requests=5&ignore_unavailable=false&expand_wildcards=open&allow_no_indices=true&ignore_throttled=true&search_type=query_then_fetch&batched_reduce_size=512] returned 1 warnings: [299 Elasticsearch-7.16.3-4e6e4eab2297e949ec994e688dad46290d018022 "[ignore_throttled] parameter is deprecated because frozen indices have been deprecated. Consider cold or frozen tiers in place of frozen indices."]
2022-02-11 00:11:40.916  WARN 18048 --- [http-nio-8081-exec-1] org.elasticsearch.client.RestClient      : request [POST http://192.168.1.100:9200/users/_search?typed_keys=true&max_concurrent_shard_requests=5&ignore_unavailable=false&expand_wildcards=open&allow_no_indices=true&ignore_throttled=true&search_type=query_then_fetch&batched_reduce_size=512] returned 1 warnings: [299 Elasticsearch-7.16.3-4e6e4eab2297e949ec994e688dad46290d018022 "[ignore_throttled] parameter is deprecated because frozen indices have been deprecated. Consider cold or frozen tiers in place of frozen indices."]
2022-02-11 07:12:40.540  INFO 18372 --- [main] com.spring.SpringBootIndex               : Starting SpringBootIndex using Java 17.0.1 on SnapLap with PID 18372 (D:\trainingdev_dinh\src\java\target\classes started by Dim in D:\trainingdev_dinh\src\java)
2022-02-11 07:12:40.555  INFO 18372 --- [main] com.spring.SpringBootIndex               : No active profile set, falling back to default profiles: default
2022-02-11 07:12:42.656  INFO 18372 --- [main] .s.d.r.c.RepositoryConfigurationDelegate : Bootstrapping Spring Data Elasticsearch repositories in DEFAULT mode.
2022-02-11 07:12:42.799  INFO 18372 --- [main] .s.d.r.c.RepositoryConfigurationDelegate : Finished Spring Data repository scanning in 128 ms. Found 1 Elasticsearch repository interfaces.
2022-02-11 07:12:43.506  INFO 18372 --- [main] .s.d.r.c.RepositoryConfigurationDelegate : Bootstrapping Spring Data Reactive Elasticsearch repositories in DEFAULT mode.
2022-02-11 07:12:43.561  INFO 18372 --- [main] .s.d.r.c.RepositoryConfigurationDelegate : Finished Spring Data repository scanning in 54 ms. Found 0 Reactive Elasticsearch repository interfaces.
2022-02-11 07:12:44.255  INFO 18372 --- [main] trationDelegate$BeanPostProcessorChecker : Bean 'cachingConfig' of type [com.spring.config.cache.CachingConfig$$EnhancerBySpringCGLIB$$56c1b7d2] is not eligible for getting processed by all BeanPostProcessors (for example: not eligible for auto-proxying)
2022-02-11 07:12:45.591  INFO 18372 --- [main] o.s.b.w.embedded.tomcat.TomcatWebServer  : Tomcat initialized with port(s): 8081 (http)
2022-02-11 07:12:45.692  INFO 18372 --- [main] o.apache.catalina.core.StandardService   : Starting service [Tomcat]
2022-02-11 07:12:45.695  INFO 18372 --- [main] org.apache.catalina.core.StandardEngine  : Starting Servlet engine: [Apache Tomcat/9.0.55]
2022-02-11 07:12:46.414  INFO 18372 --- [main] o.a.c.c.C.[Tomcat].[localhost].[/]       : Initializing Spring embedded WebApplicationContext
2022-02-11 07:12:46.418  INFO 18372 --- [main] w.s.c.ServletWebServerApplicationContext : Root WebApplicationContext: initialization completed in 5700 ms
2022-02-11 07:12:49.868  WARN 18372 --- [main] org.elasticsearch.client.RestClient      : request [HEAD http://192.168.1.100:9200/users?ignore_throttled=false&ignore_unavailable=false&expand_wildcards=open%2Cclosed&allow_no_indices=false] returned 1 warnings: [299 Elasticsearch-7.16.3-4e6e4eab2297e949ec994e688dad46290d018022 "[ignore_throttled] parameter is deprecated because frozen indices have been deprecated. Consider cold or frozen tiers in place of frozen indices."]
2022-02-11 07:12:51.962  INFO 18372 --- [main] o.s.s.web.DefaultSecurityFilterChain     : Will secure any request with [org.springframework.security.web.context.request.async.WebAsyncManagerIntegrationFilter@19105a87, org.springframework.security.web.context.SecurityContextPersistenceFilter@7f1f60a0, org.springframework.security.web.header.HeaderWriterFilter@73aaec54, org.springframework.security.web.authentication.logout.LogoutFilter@34fcd292, com.spring.config.jwt.JwtRequestAuthenticationFilter@5f8f1712, org.springframework.security.web.savedrequest.RequestCacheAwareFilter@71b26880, org.springframework.security.web.servletapi.SecurityContextHolderAwareRequestFilter@4eeb14e0, org.springframework.security.web.authentication.AnonymousAuthenticationFilter@83b0d0f, org.springframework.security.web.session.SessionManagementFilter@591be8aa, org.springframework.security.web.access.ExceptionTranslationFilter@6c6928c, org.springframework.security.web.access.intercept.FilterSecurityInterceptor@21733cbe]
2022-02-11 07:12:53.286  INFO 18372 --- [main] o.s.b.w.embedded.tomcat.TomcatWebServer  : Tomcat started on port(s): 8081 (http) with context path ''
2022-02-11 07:12:53.306  INFO 18372 --- [main] com.spring.SpringBootIndex               : Started SpringBootIndex in 14.89 seconds (JVM running for 16.967)
2022-02-11 07:13:03.239  INFO 18372 --- [http-nio-8081-exec-1] o.a.c.c.C.[Tomcat].[localhost].[/]       : Initializing Spring DispatcherServlet 'dispatcherServlet'
2022-02-11 07:13:03.241  INFO 18372 --- [http-nio-8081-exec-1] o.s.web.servlet.DispatcherServlet        : Initializing Servlet 'dispatcherServlet'
2022-02-11 07:13:03.243  INFO 18372 --- [http-nio-8081-exec-1] o.s.web.servlet.DispatcherServlet        : Completed initialization in 1 ms
2022-02-11 07:13:03.292  WARN 18372 --- [http-nio-8081-exec-1] c.s.c.j.JwtRequestAuthenticationFilter   : JWT khong bat dau tu "Bearer "
2022-02-11 07:13:03.334 ERROR 18372 --- [http-nio-8081-exec-1] com.spring.config.jwt.JwtTokenUtil       : Could not get all claims from token
2022-02-11 07:13:03.693  WARN 18372 --- [http-nio-8081-exec-1] org.elasticsearch.client.RestClient      : request [POST http://192.168.1.100:9200/users/_search?typed_keys=true&max_concurrent_shard_requests=5&ignore_unavailable=false&expand_wildcards=open&allow_no_indices=true&ignore_throttled=true&search_type=query_then_fetch&batched_reduce_size=512] returned 1 warnings: [299 Elasticsearch-7.16.3-4e6e4eab2297e949ec994e688dad46290d018022 "[ignore_throttled] parameter is deprecated because frozen indices have been deprecated. Consider cold or frozen tiers in place of frozen indices."]
2022-02-11 07:13:03.742 ERROR 18372 --- [http-nio-8081-exec-1] c.s.c.jwt.AuthenticationEntryPointImpl   : UNAUTHORIZED
2022-02-11 07:13:10.916  WARN 18372 --- [http-nio-8081-exec-4] c.s.c.j.JwtRequestAuthenticationFilter   : JWT khong bat dau tu "Bearer "
2022-02-11 07:13:10.917 ERROR 18372 --- [http-nio-8081-exec-4] com.spring.config.jwt.JwtTokenUtil       : Could not get all claims from token
2022-02-11 07:13:10.929  WARN 18372 --- [http-nio-8081-exec-4] org.elasticsearch.client.RestClient      : request [POST http://192.168.1.100:9200/users/_search?typed_keys=true&max_concurrent_shard_requests=5&ignore_unavailable=false&expand_wildcards=open&allow_no_indices=true&ignore_throttled=true&search_type=query_then_fetch&batched_reduce_size=512] returned 1 warnings: [299 Elasticsearch-7.16.3-4e6e4eab2297e949ec994e688dad46290d018022 "[ignore_throttled] parameter is deprecated because frozen indices have been deprecated. Consider cold or frozen tiers in place of frozen indices."]
2022-02-11 07:13:10.931 ERROR 18372 --- [http-nio-8081-exec-4] c.s.c.jwt.AuthenticationEntryPointImpl   : UNAUTHORIZED
2022-02-11 07:13:35.447  INFO 18832 --- [main] com.spring.SpringBootIndex               : Starting SpringBootIndex using Java 17.0.1 on SnapLap with PID 18832 (D:\trainingdev_dinh\src\java\target\classes started by Dim in D:\trainingdev_dinh\src\java)
2022-02-11 07:13:35.457  INFO 18832 --- [main] com.spring.SpringBootIndex               : No active profile set, falling back to default profiles: default
2022-02-11 07:14:06.830  INFO 18832 --- [main] .s.d.r.c.RepositoryConfigurationDelegate : Bootstrapping Spring Data Elasticsearch repositories in DEFAULT mode.
2022-02-11 07:14:08.430  INFO 18832 --- [main] .s.d.r.c.RepositoryConfigurationDelegate : Finished Spring Data repository scanning in 1594 ms. Found 1 Elasticsearch repository interfaces.
2022-02-11 07:14:08.999  INFO 18832 --- [main] .s.d.r.c.RepositoryConfigurationDelegate : Bootstrapping Spring Data Reactive Elasticsearch repositories in DEFAULT mode.
2022-02-11 07:14:09.056  INFO 18832 --- [main] .s.d.r.c.RepositoryConfigurationDelegate : Finished Spring Data repository scanning in 56 ms. Found 0 Reactive Elasticsearch repository interfaces.
2022-02-11 07:14:10.493  INFO 18832 --- [main] trationDelegate$BeanPostProcessorChecker : Bean 'cachingConfig' of type [com.spring.config.cache.CachingConfig$$EnhancerBySpringCGLIB$$352b2bcf] is not eligible for getting processed by all BeanPostProcessors (for example: not eligible for auto-proxying)
2022-02-11 07:14:15.752  INFO 18832 --- [main] o.s.b.w.embedded.tomcat.TomcatWebServer  : Tomcat initialized with port(s): 8081 (http)
2022-02-11 07:14:18.652  INFO 18832 --- [main] w.s.c.ServletWebServerApplicationContext : Root WebApplicationContext: initialization completed in 42930 ms
2022-02-11 07:14:21.186  WARN 18832 --- [main] org.elasticsearch.client.RestClient      : request [HEAD http://192.168.1.100:9200/users?ignore_throttled=false&ignore_unavailable=false&expand_wildcards=open%2Cclosed&allow_no_indices=false] returned 1 warnings: [299 Elasticsearch-7.16.3-4e6e4eab2297e949ec994e688dad46290d018022 "[ignore_throttled] parameter is deprecated because frozen indices have been deprecated. Consider cold or frozen tiers in place of frozen indices."]
2022-02-11 07:14:22.443  INFO 18832 --- [main] o.s.s.web.DefaultSecurityFilterChain     : Will secure any request with [org.springframework.security.web.context.request.async.WebAsyncManagerIntegrationFilter@1ffd0114, org.springframework.security.web.context.SecurityContextPersistenceFilter@5b322873, org.springframework.security.web.header.HeaderWriterFilter@33751d49, org.springframework.security.web.authentication.logout.LogoutFilter@7e747037, com.spring.config.jwt.JwtRequestAuthenticationFilter@238291d4, org.springframework.security.web.savedrequest.RequestCacheAwareFilter@7ad889be, org.springframework.security.web.servletapi.SecurityContextHolderAwareRequestFilter@658e7ead, org.springframework.security.web.authentication.AnonymousAuthenticationFilter@b3857e2, org.springframework.security.web.session.SessionManagementFilter@72a7aa4f, org.springframework.security.web.access.ExceptionTranslationFilter@14a1769d, org.springframework.security.web.access.intercept.FilterSecurityInterceptor@16bbaab3]
2022-02-11 07:14:24.356  INFO 18832 --- [main] o.s.b.w.embedded.tomcat.TomcatWebServer  : Tomcat started on port(s): 8081 (http) with context path ''
2022-02-11 07:14:24.398  INFO 18832 --- [main] com.spring.SpringBootIndex               : Started SpringBootIndex in 50.714 seconds (JVM running for 53.22)
2022-02-11 07:14:33.570  INFO 14584 --- [main] com.spring.SpringBootIndex               : Starting SpringBootIndex using Java 17.0.1 on SnapLap with PID 14584 (D:\trainingdev_dinh\src\java\target\classes started by Dim in D:\trainingdev_dinh\src\java)
2022-02-11 07:14:33.570  INFO 14584 --- [main] com.spring.SpringBootIndex               : No active profile set, falling back to default profiles: default
2022-02-11 07:14:36.478  INFO 14584 --- [main] .s.d.r.c.RepositoryConfigurationDelegate : Bootstrapping Spring Data Elasticsearch repositories in DEFAULT mode.
2022-02-11 07:14:36.688  INFO 14584 --- [main] .s.d.r.c.RepositoryConfigurationDelegate : Finished Spring Data repository scanning in 193 ms. Found 1 Elasticsearch repository interfaces.
2022-02-11 07:14:37.365  INFO 14584 --- [main] .s.d.r.c.RepositoryConfigurationDelegate : Bootstrapping Spring Data Reactive Elasticsearch repositories in DEFAULT mode.
2022-02-11 07:14:37.442  INFO 14584 --- [main] .s.d.r.c.RepositoryConfigurationDelegate : Finished Spring Data repository scanning in 73 ms. Found 0 Reactive Elasticsearch repository interfaces.
2022-02-11 07:14:38.250  INFO 14584 --- [main] trationDelegate$BeanPostProcessorChecker : Bean 'cachingConfig' of type [com.spring.config.cache.CachingConfig$$EnhancerBySpringCGLIB$$56c1b7d2] is not eligible for getting processed by all BeanPostProcessors (for example: not eligible for auto-proxying)
2022-02-11 07:14:39.327  INFO 14584 --- [main] o.s.b.w.embedded.tomcat.TomcatWebServer  : Tomcat initialized with port(s): 8081 (http)
2022-02-11 07:14:39.364  INFO 14584 --- [main] o.apache.catalina.core.StandardService   : Starting service [Tomcat]
2022-02-11 07:14:39.364  INFO 14584 --- [main] org.apache.catalina.core.StandardEngine  : Starting Servlet engine: [Apache Tomcat/9.0.55]
2022-02-11 07:14:40.006  INFO 14584 --- [main] o.a.c.c.C.[Tomcat].[localhost].[/]       : Initializing Spring embedded WebApplicationContext
2022-02-11 07:14:40.006  INFO 14584 --- [main] w.s.c.ServletWebServerApplicationContext : Root WebApplicationContext: initialization completed in 6133 ms
2022-02-11 07:14:43.599  WARN 14584 --- [main] org.elasticsearch.client.RestClient      : request [HEAD http://192.168.1.100:9200/users?ignore_throttled=false&ignore_unavailable=false&expand_wildcards=open%2Cclosed&allow_no_indices=false] returned 1 warnings: [299 Elasticsearch-7.16.3-4e6e4eab2297e949ec994e688dad46290d018022 "[ignore_throttled] parameter is deprecated because frozen indices have been deprecated. Consider cold or frozen tiers in place of frozen indices."]
2022-02-11 07:14:44.938  INFO 14584 --- [main] o.s.s.web.DefaultSecurityFilterChain     : Will secure any request with [org.springframework.security.web.context.request.async.WebAsyncManagerIntegrationFilter@28bf82d9, org.springframework.security.web.context.SecurityContextPersistenceFilter@61808ecd, org.springframework.security.web.header.HeaderWriterFilter@3c28181b, org.springframework.security.web.authentication.logout.LogoutFilter@2b2a4332, com.spring.config.jwt.JwtRequestAuthenticationFilter@5dbab232, org.springframework.security.web.savedrequest.RequestCacheAwareFilter@77ea806f, org.springframework.security.web.servletapi.SecurityContextHolderAwareRequestFilter@516195cf, org.springframework.security.web.authentication.AnonymousAuthenticationFilter@44ccd75c, org.springframework.security.web.session.SessionManagementFilter@4fe8f2ae, org.springframework.security.web.access.ExceptionTranslationFilter@7a1371, org.springframework.security.web.access.intercept.FilterSecurityInterceptor@7afe0e67]
2022-02-11 07:14:45.856  INFO 14584 --- [main] o.s.b.w.embedded.tomcat.TomcatWebServer  : Tomcat started on port(s): 8081 (http) with context path ''
2022-02-11 07:14:45.871  INFO 14584 --- [main] com.spring.SpringBootIndex               : Started SpringBootIndex in 13.889 seconds (JVM running for 16.179)
2022-02-11 07:15:09.538  INFO 14584 --- [http-nio-8081-exec-2] o.a.c.c.C.[Tomcat].[localhost].[/]       : Initializing Spring DispatcherServlet 'dispatcherServlet'
2022-02-11 07:15:09.541  INFO 14584 --- [http-nio-8081-exec-2] o.s.web.servlet.DispatcherServlet        : Initializing Servlet 'dispatcherServlet'
2022-02-11 07:15:09.555  INFO 14584 --- [http-nio-8081-exec-2] o.s.web.servlet.DispatcherServlet        : Completed initialization in 11 ms
2022-02-11 07:15:10.265  WARN 14584 --- [http-nio-8081-exec-2] org.elasticsearch.client.RestClient      : request [POST http://192.168.1.100:9200/users/_search?typed_keys=true&max_concurrent_shard_requests=5&ignore_unavailable=false&expand_wildcards=open&allow_no_indices=true&ignore_throttled=true&search_type=query_then_fetch&batched_reduce_size=512] returned 1 warnings: [299 Elasticsearch-7.16.3-4e6e4eab2297e949ec994e688dad46290d018022 "[ignore_throttled] parameter is deprecated because frozen indices have been deprecated. Consider cold or frozen tiers in place of frozen indices."]
2022-02-11 07:15:10.321  WARN 14584 --- [http-nio-8081-exec-2] org.elasticsearch.client.RestClient      : request [POST http://192.168.1.100:9200/users/_search?typed_keys=true&max_concurrent_shard_requests=5&ignore_unavailable=false&expand_wildcards=open&allow_no_indices=true&ignore_throttled=true&search_type=query_then_fetch&batched_reduce_size=512] returned 1 warnings: [299 Elasticsearch-7.16.3-4e6e4eab2297e949ec994e688dad46290d018022 "[ignore_throttled] parameter is deprecated because frozen indices have been deprecated. Consider cold or frozen tiers in place of frozen indices."]
2022-02-11 07:15:10.651  INFO 14584 --- [http-nio-8081-exec-2] c.s.c.j.JwtRequestAuthenticationFilter   : Logged in as: Stooniacithly123
2022-02-11 07:18:07.238  WARN 14584 --- [http-nio-8081-exec-5] org.elasticsearch.client.RestClient      : request [POST http://192.168.1.100:9200/users/_search?typed_keys=true&max_concurrent_shard_requests=5&ignore_unavailable=false&expand_wildcards=open&allow_no_indices=true&ignore_throttled=true&search_type=query_then_fetch&batched_reduce_size=512] returned 1 warnings: [299 Elasticsearch-7.16.3-4e6e4eab2297e949ec994e688dad46290d018022 "[ignore_throttled] parameter is deprecated because frozen indices have been deprecated. Consider cold or frozen tiers in place of frozen indices."]
2022-02-11 07:18:07.255  WARN 14584 --- [http-nio-8081-exec-5] org.elasticsearch.client.RestClient      : request [POST http://192.168.1.100:9200/users/_search?typed_keys=true&max_concurrent_shard_requests=5&ignore_unavailable=false&expand_wildcards=open&allow_no_indices=true&ignore_throttled=true&search_type=query_then_fetch&batched_reduce_size=512] returned 1 warnings: [299 Elasticsearch-7.16.3-4e6e4eab2297e949ec994e688dad46290d018022 "[ignore_throttled] parameter is deprecated because frozen indices have been deprecated. Consider cold or frozen tiers in place of frozen indices."]
2022-02-11 07:18:07.260  INFO 14584 --- [http-nio-8081-exec-5] c.s.c.j.JwtRequestAuthenticationFilter   : Logged in as: Stooniacithly123
2022-02-11 07:20:15.403  INFO 10580 --- [main] com.spring.SpringBootIndex               : Starting SpringBootIndex using Java 17.0.1 on SnapLap with PID 10580 (D:\trainingdev_dinh\src\java\target\classes started by Dim in D:\trainingdev_dinh\src\java)
2022-02-11 07:20:15.408  INFO 10580 --- [main] com.spring.SpringBootIndex               : No active profile set, falling back to default profiles: default
2022-02-11 07:20:17.147  INFO 10580 --- [main] .s.d.r.c.RepositoryConfigurationDelegate : Bootstrapping Spring Data Elasticsearch repositories in DEFAULT mode.
2022-02-11 07:20:17.235  INFO 10580 --- [main] .s.d.r.c.RepositoryConfigurationDelegate : Finished Spring Data repository scanning in 80 ms. Found 1 Elasticsearch repository interfaces.
2022-02-11 07:20:17.612  INFO 10580 --- [main] .s.d.r.c.RepositoryConfigurationDelegate : Bootstrapping Spring Data Reactive Elasticsearch repositories in DEFAULT mode.
2022-02-11 07:20:17.630  INFO 10580 --- [main] .s.d.r.c.RepositoryConfigurationDelegate : Finished Spring Data repository scanning in 17 ms. Found 0 Reactive Elasticsearch repository interfaces.
2022-02-11 07:20:18.023  INFO 10580 --- [main] trationDelegate$BeanPostProcessorChecker : Bean 'cachingConfig' of type [com.spring.config.cache.CachingConfig$$EnhancerBySpringCGLIB$$860059e6] is not eligible for getting processed by all BeanPostProcessors (for example: not eligible for auto-proxying)
2022-02-11 07:20:18.869  INFO 10580 --- [main] o.s.b.w.embedded.tomcat.TomcatWebServer  : Tomcat initialized with port(s): 8081 (http)
2022-02-11 07:20:18.890  INFO 10580 --- [main] o.apache.catalina.core.StandardService   : Starting service [Tomcat]
2022-02-11 07:20:18.890  INFO 10580 --- [main] org.apache.catalina.core.StandardEngine  : Starting Servlet engine: [Apache Tomcat/9.0.55]
2022-02-11 07:20:19.116  INFO 10580 --- [main] o.a.c.c.C.[Tomcat].[localhost].[/]       : Initializing Spring embedded WebApplicationContext
2022-02-11 07:20:19.116  INFO 10580 --- [main] w.s.c.ServletWebServerApplicationContext : Root WebApplicationContext: initialization completed in 3599 ms
2022-02-11 07:20:20.641  WARN 10580 --- [main] org.elasticsearch.client.RestClient      : request [HEAD http://192.168.1.100:9200/users?ignore_throttled=false&ignore_unavailable=false&expand_wildcards=open%2Cclosed&allow_no_indices=false] returned 1 warnings: [299 Elasticsearch-7.16.3-4e6e4eab2297e949ec994e688dad46290d018022 "[ignore_throttled] parameter is deprecated because frozen indices have been deprecated. Consider cold or frozen tiers in place of frozen indices."]
2022-02-11 07:20:22.701  INFO 10580 --- [main] o.s.s.web.DefaultSecurityFilterChain     : Will secure any request with [org.springframework.security.web.context.request.async.WebAsyncManagerIntegrationFilter@2b974137, org.springframework.security.web.context.SecurityContextPersistenceFilter@2c7375da, org.springframework.security.web.header.HeaderWriterFilter@a1cb94, org.springframework.security.web.authentication.logout.LogoutFilter@36d7a68a, com.spring.config.jwt.JwtRequestAuthenticationFilter@734a149a, org.springframework.security.web.savedrequest.RequestCacheAwareFilter@775c4054, org.springframework.security.web.servletapi.SecurityContextHolderAwareRequestFilter@7b29cdea, org.springframework.security.web.authentication.AnonymousAuthenticationFilter@7402c49f, org.springframework.security.web.session.SessionManagementFilter@690ed13a, org.springframework.security.web.access.ExceptionTranslationFilter@6fa3def8, org.springframework.security.web.access.intercept.FilterSecurityInterceptor@bf4e48e]
2022-02-11 07:20:23.416  INFO 10580 --- [main] o.s.b.w.embedded.tomcat.TomcatWebServer  : Tomcat started on port(s): 8081 (http) with context path ''
2022-02-11 07:20:23.429  WARN 10580 --- [main] ConfigServletWebServerApplicationContext : Exception encountered during context initialization - cancelling refresh attempt: org.springframework.context.ApplicationContextException: Failed to start bean 'documentationPluginsBootstrapper'; nested exception is java.lang.NullPointerException: Cannot invoke "org.springframework.web.servlet.mvc.condition.PatternsRequestCondition.getPatterns()" because "this.condition" is null
2022-02-11 07:20:23.475  INFO 10580 --- [main] o.apache.catalina.core.StandardService   : Stopping service [Tomcat]
2022-02-11 07:20:23.509  INFO 10580 --- [main] ConditionEvaluationReportLoggingListener : 

Error starting ApplicationContext. To display the conditions report re-run your application with 'debug' enabled.
2022-02-11 07:20:23.578 ERROR 10580 --- [main] o.s.boot.SpringApplication               : Application run failed

org.springframework.context.ApplicationContextException: Failed to start bean 'documentationPluginsBootstrapper'; nested exception is java.lang.NullPointerException: Cannot invoke "org.springframework.web.servlet.mvc.condition.PatternsRequestCondition.getPatterns()" because "this.condition" is null
	at org.springframework.context.support.DefaultLifecycleProcessor.doStart(DefaultLifecycleProcessor.java:181) ~[spring-context-5.3.13.jar:5.3.13]
	at org.springframework.context.support.DefaultLifecycleProcessor.access$200(DefaultLifecycleProcessor.java:54) ~[spring-context-5.3.13.jar:5.3.13]
	at org.springframework.context.support.DefaultLifecycleProcessor$LifecycleGroup.start(DefaultLifecycleProcessor.java:356) ~[spring-context-5.3.13.jar:5.3.13]
	at java.base/java.lang.Iterable.forEach(Iterable.java:75) ~[na:na]
	at org.springframework.context.support.DefaultLifecycleProcessor.startBeans(DefaultLifecycleProcessor.java:155) ~[spring-context-5.3.13.jar:5.3.13]
	at org.springframework.context.support.DefaultLifecycleProcessor.onRefresh(DefaultLifecycleProcessor.java:123) ~[spring-context-5.3.13.jar:5.3.13]
	at org.springframework.context.support.AbstractApplicationContext.finishRefresh(AbstractApplicationContext.java:935) ~[spring-context-5.3.13.jar:5.3.13]
	at org.springframework.context.support.AbstractApplicationContext.refresh(AbstractApplicationContext.java:586) ~[spring-context-5.3.13.jar:5.3.13]
	at org.springframework.boot.web.servlet.context.ServletWebServerApplicationContext.refresh(ServletWebServerApplicationContext.java:145) ~[spring-boot-2.6.1.jar:2.6.1]
	at org.springframework.boot.SpringApplication.refresh(SpringApplication.java:730) ~[spring-boot-2.6.1.jar:2.6.1]
	at org.springframework.boot.SpringApplication.refreshContext(SpringApplication.java:412) ~[spring-boot-2.6.1.jar:2.6.1]
	at org.springframework.boot.SpringApplication.run(SpringApplication.java:302) ~[spring-boot-2.6.1.jar:2.6.1]
	at org.springframework.boot.SpringApplication.run(SpringApplication.java:1301) ~[spring-boot-2.6.1.jar:2.6.1]
	at org.springframework.boot.SpringApplication.run(SpringApplication.java:1290) ~[spring-boot-2.6.1.jar:2.6.1]
	at com.spring.SpringBootIndex.main(SpringBootIndex.java:19) ~[classes/:na]
Caused by: java.lang.NullPointerException: Cannot invoke "org.springframework.web.servlet.mvc.condition.PatternsRequestCondition.getPatterns()" because "this.condition" is null
	at springfox.documentation.spring.web.WebMvcPatternsRequestConditionWrapper.getPatterns(WebMvcPatternsRequestConditionWrapper.java:56) ~[springfox-spring-webmvc-3.0.0.jar:3.0.0]
	at springfox.documentation.RequestHandler.sortedPaths(RequestHandler.java:113) ~[springfox-core-3.0.0.jar:3.0.0]
	at springfox.documentation.spi.service.contexts.Orderings.lambda$byPatternsCondition$3(Orderings.java:89) ~[springfox-spi-3.0.0.jar:3.0.0]
	at java.base/java.util.Comparator.lambda$comparing$77a9974f$1(Comparator.java:473) ~[na:na]
	at java.base/java.util.TimSort.countRunAndMakeAscending(TimSort.java:355) ~[na:na]
	at java.base/java.util.TimSort.sort(TimSort.java:220) ~[na:na]
	at java.base/java.util.Arrays.sort(Arrays.java:1307) ~[na:na]
	at java.base/java.util.ArrayList.sort(ArrayList.java:1721) ~[na:na]
	at java.base/java.util.stream.SortedOps$RefSortingSink.end(SortedOps.java:392) ~[na:na]
	at java.base/java.util.stream.Sink$ChainedReference.end(Sink.java:258) ~[na:na]
	at java.base/java.util.stream.Sink$ChainedReference.end(Sink.java:258) ~[na:na]
	at java.base/java.util.stream.Sink$ChainedReference.end(Sink.java:258) ~[na:na]
	at java.base/java.util.stream.Sink$ChainedReference.end(Sink.java:258) ~[na:na]
	at java.base/java.util.stream.AbstractPipeline.copyInto(AbstractPipeline.java:510) ~[na:na]
	at java.base/java.util.stream.AbstractPipeline.wrapAndCopyInto(AbstractPipeline.java:499) ~[na:na]
	at java.base/java.util.stream.ReduceOps$ReduceOp.evaluateSequential(ReduceOps.java:921) ~[na:na]
	at java.base/java.util.stream.AbstractPipeline.evaluate(AbstractPipeline.java:234) ~[na:na]
	at java.base/java.util.stream.ReferencePipeline.collect(ReferencePipeline.java:682) ~[na:na]
	at springfox.documentation.spring.web.plugins.WebMvcRequestHandlerProvider.requestHandlers(WebMvcRequestHandlerProvider.java:81) ~[springfox-spring-webmvc-3.0.0.jar:3.0.0]
	at java.base/java.util.stream.ReferencePipeline$3$1.accept(ReferencePipeline.java:197) ~[na:na]
	at java.base/java.util.ArrayList$ArrayListSpliterator.forEachRemaining(ArrayList.java:1625) ~[na:na]
	at java.base/java.util.stream.AbstractPipeline.copyInto(AbstractPipeline.java:509) ~[na:na]
	at java.base/java.util.stream.AbstractPipeline.wrapAndCopyInto(AbstractPipeline.java:499) ~[na:na]
	at java.base/java.util.stream.ReduceOps$ReduceOp.evaluateSequential(ReduceOps.java:921) ~[na:na]
	at java.base/java.util.stream.AbstractPipeline.evaluate(AbstractPipeline.java:234) ~[na:na]
	at java.base/java.util.stream.ReferencePipeline.collect(ReferencePipeline.java:682) ~[na:na]
	at springfox.documentation.spring.web.plugins.AbstractDocumentationPluginsBootstrapper.withDefaults(AbstractDocumentationPluginsBootstrapper.java:107) ~[springfox-spring-web-3.0.0.jar:3.0.0]
	at springfox.documentation.spring.web.plugins.AbstractDocumentationPluginsBootstrapper.buildContext(AbstractDocumentationPluginsBootstrapper.java:91) ~[springfox-spring-web-3.0.0.jar:3.0.0]
	at springfox.documentation.spring.web.plugins.AbstractDocumentationPluginsBootstrapper.bootstrapDocumentationPlugins(AbstractDocumentationPluginsBootstrapper.java:82) ~[springfox-spring-web-3.0.0.jar:3.0.0]
	at springfox.documentation.spring.web.plugins.DocumentationPluginsBootstrapper.start(DocumentationPluginsBootstrapper.java:100) ~[springfox-spring-web-3.0.0.jar:3.0.0]
	at org.springframework.context.support.DefaultLifecycleProcessor.doStart(DefaultLifecycleProcessor.java:178) ~[spring-context-5.3.13.jar:5.3.13]
	... 14 common frames omitted

